[2025-10-31T16:23:31.221+0000] {processor.py:161} INFO - Started process (PID=70) to work on /opt/airflow/dags/main.py
[2025-10-31T16:23:31.224+0000] {processor.py:830} INFO - Processing file /opt/airflow/dags/main.py for tasks to queue
[2025-10-31T16:23:31.231+0000] {logging_mixin.py:188} INFO - [2025-10-31T16:23:31.230+0000] {dagbag.py:545} INFO - Filling up the DagBag from /opt/airflow/dags/main.py
[2025-10-31T16:23:31.480+0000] {logging_mixin.py:188} INFO - [2025-10-31T16:23:31.449+0000] {dagbag.py:355} ERROR - Failed to import: /opt/airflow/dags/main.py
Traceback (most recent call last):
  File "/home/airflow/.local/lib/python3.10/site-packages/airflow/models/dagbag.py", line 351, in parse
    loader.exec_module(new_module)
  File "<frozen importlib._bootstrap_external>", line 883, in exec_module
  File "<frozen importlib._bootstrap>", line 241, in _call_with_frames_removed
  File "/opt/airflow/dags/main.py", line 4, in <module>
    from api.video_statistics import get_playlistid, get_video_id, extract_video_data, save_as_json_to_file_path
  File "/opt/airflow/dags/api/video_statistics.py", line 7, in <module>
    from airflow.variables import Variable
ModuleNotFoundError: No module named 'airflow.variables'
[2025-10-31T16:23:31.492+0000] {processor.py:842} WARNING - No viable dags retrieved from /opt/airflow/dags/main.py
[2025-10-31T16:23:31.547+0000] {processor.py:183} INFO - Processing /opt/airflow/dags/main.py took 0.344 seconds
[2025-10-31T16:24:01.942+0000] {processor.py:161} INFO - Started process (PID=77) to work on /opt/airflow/dags/main.py
[2025-10-31T16:24:01.948+0000] {processor.py:830} INFO - Processing file /opt/airflow/dags/main.py for tasks to queue
[2025-10-31T16:24:01.956+0000] {logging_mixin.py:188} INFO - [2025-10-31T16:24:01.954+0000] {dagbag.py:545} INFO - Filling up the DagBag from /opt/airflow/dags/main.py
[2025-10-31T16:24:02.105+0000] {logging_mixin.py:188} INFO - [2025-10-31T16:24:02.076+0000] {dagbag.py:355} ERROR - Failed to import: /opt/airflow/dags/main.py
Traceback (most recent call last):
  File "/home/airflow/.local/lib/python3.10/site-packages/airflow/models/dagbag.py", line 351, in parse
    loader.exec_module(new_module)
  File "<frozen importlib._bootstrap_external>", line 883, in exec_module
  File "<frozen importlib._bootstrap>", line 241, in _call_with_frames_removed
  File "/opt/airflow/dags/main.py", line 4, in <module>
    from api.video_statistics import get_playlistid, get_video_id, extract_video_data, save_as_json_to_file_path
  File "/opt/airflow/dags/api/video_statistics.py", line 7, in <module>
    from airflow.variables import Variable
ModuleNotFoundError: No module named 'airflow.variables'
[2025-10-31T16:24:02.117+0000] {processor.py:842} WARNING - No viable dags retrieved from /opt/airflow/dags/main.py
[2025-10-31T16:24:02.178+0000] {processor.py:183} INFO - Processing /opt/airflow/dags/main.py took 0.270 seconds
[2025-10-31T16:24:32.545+0000] {processor.py:161} INFO - Started process (PID=84) to work on /opt/airflow/dags/main.py
[2025-10-31T16:24:32.547+0000] {processor.py:830} INFO - Processing file /opt/airflow/dags/main.py for tasks to queue
[2025-10-31T16:24:32.550+0000] {logging_mixin.py:188} INFO - [2025-10-31T16:24:32.550+0000] {dagbag.py:545} INFO - Filling up the DagBag from /opt/airflow/dags/main.py
[2025-10-31T16:24:32.679+0000] {logging_mixin.py:188} INFO - [2025-10-31T16:24:32.647+0000] {dagbag.py:355} ERROR - Failed to import: /opt/airflow/dags/main.py
Traceback (most recent call last):
  File "/home/airflow/.local/lib/python3.10/site-packages/airflow/models/dagbag.py", line 351, in parse
    loader.exec_module(new_module)
  File "<frozen importlib._bootstrap_external>", line 883, in exec_module
  File "<frozen importlib._bootstrap>", line 241, in _call_with_frames_removed
  File "/opt/airflow/dags/main.py", line 4, in <module>
    from api.video_statistics import get_playlistid, get_video_id, extract_video_data, save_as_json_to_file_path
  File "/opt/airflow/dags/api/video_statistics.py", line 7, in <module>
    from airflow.variables import Variable
ModuleNotFoundError: No module named 'airflow.variables'
[2025-10-31T16:24:32.691+0000] {processor.py:842} WARNING - No viable dags retrieved from /opt/airflow/dags/main.py
[2025-10-31T16:24:32.741+0000] {processor.py:183} INFO - Processing /opt/airflow/dags/main.py took 0.208 seconds
[2025-10-31T16:25:02.891+0000] {processor.py:161} INFO - Started process (PID=91) to work on /opt/airflow/dags/main.py
[2025-10-31T16:25:02.893+0000] {processor.py:830} INFO - Processing file /opt/airflow/dags/main.py for tasks to queue
[2025-10-31T16:25:02.900+0000] {logging_mixin.py:188} INFO - [2025-10-31T16:25:02.899+0000] {dagbag.py:545} INFO - Filling up the DagBag from /opt/airflow/dags/main.py
[2025-10-31T16:25:03.041+0000] {logging_mixin.py:188} INFO - [2025-10-31T16:25:03.014+0000] {dagbag.py:355} ERROR - Failed to import: /opt/airflow/dags/main.py
Traceback (most recent call last):
  File "/home/airflow/.local/lib/python3.10/site-packages/airflow/models/dagbag.py", line 351, in parse
    loader.exec_module(new_module)
  File "<frozen importlib._bootstrap_external>", line 883, in exec_module
  File "<frozen importlib._bootstrap>", line 241, in _call_with_frames_removed
  File "/opt/airflow/dags/main.py", line 4, in <module>
    from api.video_statistics import get_playlistid, get_video_id, extract_video_data, save_as_json_to_file_path
  File "/opt/airflow/dags/api/video_statistics.py", line 7, in <module>
    from airflow.variables import Variable
ModuleNotFoundError: No module named 'airflow.variables'
[2025-10-31T16:25:03.050+0000] {processor.py:842} WARNING - No viable dags retrieved from /opt/airflow/dags/main.py
[2025-10-31T16:25:03.105+0000] {processor.py:183} INFO - Processing /opt/airflow/dags/main.py took 0.232 seconds
[2025-10-31T16:25:33.526+0000] {processor.py:161} INFO - Started process (PID=98) to work on /opt/airflow/dags/main.py
[2025-10-31T16:25:33.529+0000] {processor.py:830} INFO - Processing file /opt/airflow/dags/main.py for tasks to queue
[2025-10-31T16:25:33.534+0000] {logging_mixin.py:188} INFO - [2025-10-31T16:25:33.534+0000] {dagbag.py:545} INFO - Filling up the DagBag from /opt/airflow/dags/main.py
[2025-10-31T16:25:33.744+0000] {logging_mixin.py:188} INFO - [2025-10-31T16:25:33.713+0000] {dagbag.py:355} ERROR - Failed to import: /opt/airflow/dags/main.py
Traceback (most recent call last):
  File "/home/airflow/.local/lib/python3.10/site-packages/airflow/models/dagbag.py", line 351, in parse
    loader.exec_module(new_module)
  File "<frozen importlib._bootstrap_external>", line 883, in exec_module
  File "<frozen importlib._bootstrap>", line 241, in _call_with_frames_removed
  File "/opt/airflow/dags/main.py", line 4, in <module>
    from api.video_statistics import get_playlistid, get_video_id, extract_video_data, save_as_json_to_file_path
  File "/opt/airflow/dags/api/video_statistics.py", line 7, in <module>
    from airflow.variables import Variable
ModuleNotFoundError: No module named 'airflow.variables'
[2025-10-31T16:25:33.754+0000] {processor.py:842} WARNING - No viable dags retrieved from /opt/airflow/dags/main.py
[2025-10-31T16:25:33.787+0000] {processor.py:183} INFO - Processing /opt/airflow/dags/main.py took 0.274 seconds
[2025-10-31T16:26:04.205+0000] {processor.py:161} INFO - Started process (PID=105) to work on /opt/airflow/dags/main.py
[2025-10-31T16:26:04.209+0000] {processor.py:830} INFO - Processing file /opt/airflow/dags/main.py for tasks to queue
[2025-10-31T16:26:04.213+0000] {logging_mixin.py:188} INFO - [2025-10-31T16:26:04.213+0000] {dagbag.py:545} INFO - Filling up the DagBag from /opt/airflow/dags/main.py
[2025-10-31T16:26:04.503+0000] {logging_mixin.py:188} INFO - [2025-10-31T16:26:04.489+0000] {dagbag.py:355} ERROR - Failed to import: /opt/airflow/dags/main.py
Traceback (most recent call last):
  File "/home/airflow/.local/lib/python3.10/site-packages/airflow/models/dagbag.py", line 351, in parse
    loader.exec_module(new_module)
  File "<frozen importlib._bootstrap_external>", line 883, in exec_module
  File "<frozen importlib._bootstrap>", line 241, in _call_with_frames_removed
  File "/opt/airflow/dags/main.py", line 15, in <module>
    'start_date': datetime(2025, 1, 1, tz=local_tz),
TypeError: 'tz' is an invalid keyword argument for this function
[2025-10-31T16:26:04.508+0000] {processor.py:842} WARNING - No viable dags retrieved from /opt/airflow/dags/main.py
[2025-10-31T16:26:04.543+0000] {processor.py:183} INFO - Processing /opt/airflow/dags/main.py took 0.347 seconds
[2025-10-31T16:26:35.011+0000] {processor.py:161} INFO - Started process (PID=112) to work on /opt/airflow/dags/main.py
[2025-10-31T16:26:35.014+0000] {processor.py:830} INFO - Processing file /opt/airflow/dags/main.py for tasks to queue
[2025-10-31T16:26:35.018+0000] {logging_mixin.py:188} INFO - [2025-10-31T16:26:35.018+0000] {dagbag.py:545} INFO - Filling up the DagBag from /opt/airflow/dags/main.py
[2025-10-31T16:26:35.150+0000] {logging_mixin.py:188} INFO - [2025-10-31T16:26:35.139+0000] {dagbag.py:355} ERROR - Failed to import: /opt/airflow/dags/main.py
Traceback (most recent call last):
  File "/home/airflow/.local/lib/python3.10/site-packages/airflow/models/dagbag.py", line 351, in parse
    loader.exec_module(new_module)
  File "<frozen importlib._bootstrap_external>", line 883, in exec_module
  File "<frozen importlib._bootstrap>", line 241, in _call_with_frames_removed
  File "/opt/airflow/dags/main.py", line 15, in <module>
    'start_date': datetime(2025, 1, 1, tz=local_tz),
TypeError: 'tz' is an invalid keyword argument for this function
[2025-10-31T16:26:35.155+0000] {processor.py:842} WARNING - No viable dags retrieved from /opt/airflow/dags/main.py
[2025-10-31T16:26:35.184+0000] {processor.py:183} INFO - Processing /opt/airflow/dags/main.py took 0.189 seconds
[2025-10-31T16:26:51.193+0000] {processor.py:161} INFO - Started process (PID=113) to work on /opt/airflow/dags/main.py
[2025-10-31T16:26:51.197+0000] {processor.py:830} INFO - Processing file /opt/airflow/dags/main.py for tasks to queue
[2025-10-31T16:26:51.202+0000] {logging_mixin.py:188} INFO - [2025-10-31T16:26:51.201+0000] {dagbag.py:545} INFO - Filling up the DagBag from /opt/airflow/dags/main.py
[2025-10-31T16:26:51.509+0000] {processor.py:840} INFO - DAG(s) 'youtube_video_statistics_dag' retrieved from /opt/airflow/dags/main.py
[2025-10-31T16:26:52.108+0000] {logging_mixin.py:188} INFO - [2025-10-31T16:26:52.106+0000] {override.py:1829} INFO - Created Permission View: can read on DAG:youtube_video_statistics_dag
[2025-10-31T16:26:52.151+0000] {logging_mixin.py:188} INFO - [2025-10-31T16:26:52.150+0000] {override.py:1829} INFO - Created Permission View: can delete on DAG:youtube_video_statistics_dag
[2025-10-31T16:26:52.182+0000] {logging_mixin.py:188} INFO - [2025-10-31T16:26:52.181+0000] {override.py:1829} INFO - Created Permission View: can edit on DAG:youtube_video_statistics_dag
[2025-10-31T16:26:52.184+0000] {logging_mixin.py:188} INFO - [2025-10-31T16:26:52.184+0000] {dag.py:3096} INFO - Sync 1 DAGs
[2025-10-31T16:26:52.211+0000] {logging_mixin.py:188} INFO - [2025-10-31T16:26:52.210+0000] {dag.py:3118} INFO - Creating ORM DAG for youtube_video_statistics_dag
[2025-10-31T16:26:52.243+0000] {logging_mixin.py:188} INFO - [2025-10-31T16:26:52.242+0000] {dag.py:3954} INFO - Setting next_dagrun for youtube_video_statistics_dag to 2025-10-31 15:00:00+00:00, run_after=2025-10-31 16:00:00+00:00
[2025-10-31T16:26:52.332+0000] {processor.py:183} INFO - Processing /opt/airflow/dags/main.py took 1.155 seconds
[2025-10-31T16:27:22.547+0000] {processor.py:161} INFO - Started process (PID=120) to work on /opt/airflow/dags/main.py
[2025-10-31T16:27:22.550+0000] {processor.py:830} INFO - Processing file /opt/airflow/dags/main.py for tasks to queue
[2025-10-31T16:27:22.557+0000] {logging_mixin.py:188} INFO - [2025-10-31T16:27:22.556+0000] {dagbag.py:545} INFO - Filling up the DagBag from /opt/airflow/dags/main.py
[2025-10-31T16:27:22.831+0000] {processor.py:840} INFO - DAG(s) 'youtube_video_statistics_dag' retrieved from /opt/airflow/dags/main.py
[2025-10-31T16:27:22.900+0000] {logging_mixin.py:188} INFO - [2025-10-31T16:27:22.900+0000] {dag.py:3096} INFO - Sync 1 DAGs
[2025-10-31T16:27:22.944+0000] {logging_mixin.py:188} INFO - [2025-10-31T16:27:22.944+0000] {dag.py:3954} INFO - Setting next_dagrun for youtube_video_statistics_dag to 2025-10-31 16:00:00+00:00, run_after=2025-10-31 17:00:00+00:00
[2025-10-31T16:27:23.006+0000] {processor.py:183} INFO - Processing /opt/airflow/dags/main.py took 0.484 seconds
[2025-10-31T16:27:53.469+0000] {processor.py:161} INFO - Started process (PID=127) to work on /opt/airflow/dags/main.py
[2025-10-31T16:27:53.472+0000] {processor.py:830} INFO - Processing file /opt/airflow/dags/main.py for tasks to queue
[2025-10-31T16:27:53.480+0000] {logging_mixin.py:188} INFO - [2025-10-31T16:27:53.479+0000] {dagbag.py:545} INFO - Filling up the DagBag from /opt/airflow/dags/main.py
[2025-10-31T16:27:53.773+0000] {processor.py:840} INFO - DAG(s) 'youtube_video_statistics_dag' retrieved from /opt/airflow/dags/main.py
[2025-10-31T16:27:53.921+0000] {logging_mixin.py:188} INFO - [2025-10-31T16:27:53.920+0000] {dag.py:3096} INFO - Sync 1 DAGs
[2025-10-31T16:27:54.017+0000] {logging_mixin.py:188} INFO - [2025-10-31T16:27:54.016+0000] {dag.py:3954} INFO - Setting next_dagrun for youtube_video_statistics_dag to 2025-10-31 16:00:00+00:00, run_after=2025-10-31 17:00:00+00:00
[2025-10-31T16:27:54.082+0000] {processor.py:183} INFO - Processing /opt/airflow/dags/main.py took 0.633 seconds
[2025-10-31T16:28:24.416+0000] {processor.py:161} INFO - Started process (PID=142) to work on /opt/airflow/dags/main.py
[2025-10-31T16:28:24.419+0000] {processor.py:830} INFO - Processing file /opt/airflow/dags/main.py for tasks to queue
[2025-10-31T16:28:24.423+0000] {logging_mixin.py:188} INFO - [2025-10-31T16:28:24.423+0000] {dagbag.py:545} INFO - Filling up the DagBag from /opt/airflow/dags/main.py
[2025-10-31T16:28:24.552+0000] {processor.py:840} INFO - DAG(s) 'youtube_video_statistics_dag' retrieved from /opt/airflow/dags/main.py
[2025-10-31T16:28:24.596+0000] {logging_mixin.py:188} INFO - [2025-10-31T16:28:24.596+0000] {dag.py:3096} INFO - Sync 1 DAGs
[2025-10-31T16:28:24.638+0000] {logging_mixin.py:188} INFO - [2025-10-31T16:28:24.637+0000] {dag.py:3954} INFO - Setting next_dagrun for youtube_video_statistics_dag to 2025-10-31 16:00:00+00:00, run_after=2025-10-31 17:00:00+00:00
[2025-10-31T16:28:24.674+0000] {processor.py:183} INFO - Processing /opt/airflow/dags/main.py took 0.269 seconds
[2025-10-31T16:28:55.257+0000] {processor.py:161} INFO - Started process (PID=149) to work on /opt/airflow/dags/main.py
[2025-10-31T16:28:55.261+0000] {processor.py:830} INFO - Processing file /opt/airflow/dags/main.py for tasks to queue
[2025-10-31T16:28:55.265+0000] {logging_mixin.py:188} INFO - [2025-10-31T16:28:55.264+0000] {dagbag.py:545} INFO - Filling up the DagBag from /opt/airflow/dags/main.py
[2025-10-31T16:28:55.449+0000] {processor.py:840} INFO - DAG(s) 'youtube_video_statistics_dag' retrieved from /opt/airflow/dags/main.py
[2025-10-31T16:28:55.495+0000] {logging_mixin.py:188} INFO - [2025-10-31T16:28:55.494+0000] {dag.py:3096} INFO - Sync 1 DAGs
[2025-10-31T16:28:55.530+0000] {logging_mixin.py:188} INFO - [2025-10-31T16:28:55.530+0000] {dag.py:3954} INFO - Setting next_dagrun for youtube_video_statistics_dag to 2025-10-31 16:00:00+00:00, run_after=2025-10-31 17:00:00+00:00
[2025-10-31T16:28:55.575+0000] {processor.py:183} INFO - Processing /opt/airflow/dags/main.py took 0.333 seconds
[2025-10-31T16:29:25.997+0000] {processor.py:161} INFO - Started process (PID=156) to work on /opt/airflow/dags/main.py
[2025-10-31T16:29:25.999+0000] {processor.py:830} INFO - Processing file /opt/airflow/dags/main.py for tasks to queue
[2025-10-31T16:29:26.004+0000] {logging_mixin.py:188} INFO - [2025-10-31T16:29:26.003+0000] {dagbag.py:545} INFO - Filling up the DagBag from /opt/airflow/dags/main.py
[2025-10-31T16:29:26.181+0000] {processor.py:840} INFO - DAG(s) 'youtube_video_statistics_dag' retrieved from /opt/airflow/dags/main.py
[2025-10-31T16:29:26.238+0000] {logging_mixin.py:188} INFO - [2025-10-31T16:29:26.238+0000] {dag.py:3096} INFO - Sync 1 DAGs
[2025-10-31T16:29:26.289+0000] {logging_mixin.py:188} INFO - [2025-10-31T16:29:26.288+0000] {dag.py:3954} INFO - Setting next_dagrun for youtube_video_statistics_dag to 2025-10-31 16:00:00+00:00, run_after=2025-10-31 17:00:00+00:00
[2025-10-31T16:29:26.331+0000] {processor.py:183} INFO - Processing /opt/airflow/dags/main.py took 0.345 seconds
[2025-10-31T16:29:56.787+0000] {processor.py:161} INFO - Started process (PID=163) to work on /opt/airflow/dags/main.py
[2025-10-31T16:29:56.792+0000] {processor.py:830} INFO - Processing file /opt/airflow/dags/main.py for tasks to queue
[2025-10-31T16:29:56.797+0000] {logging_mixin.py:188} INFO - [2025-10-31T16:29:56.796+0000] {dagbag.py:545} INFO - Filling up the DagBag from /opt/airflow/dags/main.py
[2025-10-31T16:29:56.990+0000] {processor.py:840} INFO - DAG(s) 'youtube_video_statistics_dag' retrieved from /opt/airflow/dags/main.py
[2025-10-31T16:29:57.033+0000] {logging_mixin.py:188} INFO - [2025-10-31T16:29:57.033+0000] {dag.py:3096} INFO - Sync 1 DAGs
[2025-10-31T16:29:57.071+0000] {logging_mixin.py:188} INFO - [2025-10-31T16:29:57.071+0000] {dag.py:3954} INFO - Setting next_dagrun for youtube_video_statistics_dag to 2025-10-31 16:00:00+00:00, run_after=2025-10-31 17:00:00+00:00
[2025-10-31T16:29:57.115+0000] {processor.py:183} INFO - Processing /opt/airflow/dags/main.py took 0.344 seconds
[2025-10-31T16:30:27.511+0000] {processor.py:161} INFO - Started process (PID=171) to work on /opt/airflow/dags/main.py
[2025-10-31T16:30:27.514+0000] {processor.py:830} INFO - Processing file /opt/airflow/dags/main.py for tasks to queue
[2025-10-31T16:30:27.517+0000] {logging_mixin.py:188} INFO - [2025-10-31T16:30:27.517+0000] {dagbag.py:545} INFO - Filling up the DagBag from /opt/airflow/dags/main.py
[2025-10-31T16:30:27.649+0000] {processor.py:840} INFO - DAG(s) 'youtube_video_statistics_dag' retrieved from /opt/airflow/dags/main.py
[2025-10-31T16:30:27.693+0000] {logging_mixin.py:188} INFO - [2025-10-31T16:30:27.693+0000] {dag.py:3096} INFO - Sync 1 DAGs
[2025-10-31T16:30:27.722+0000] {logging_mixin.py:188} INFO - [2025-10-31T16:30:27.721+0000] {dag.py:3954} INFO - Setting next_dagrun for youtube_video_statistics_dag to 2025-10-31 16:00:00+00:00, run_after=2025-10-31 17:00:00+00:00
[2025-10-31T16:30:27.756+0000] {processor.py:183} INFO - Processing /opt/airflow/dags/main.py took 0.254 seconds
[2025-10-31T16:30:57.887+0000] {processor.py:161} INFO - Started process (PID=178) to work on /opt/airflow/dags/main.py
[2025-10-31T16:30:57.891+0000] {processor.py:830} INFO - Processing file /opt/airflow/dags/main.py for tasks to queue
[2025-10-31T16:30:57.893+0000] {logging_mixin.py:188} INFO - [2025-10-31T16:30:57.893+0000] {dagbag.py:545} INFO - Filling up the DagBag from /opt/airflow/dags/main.py
[2025-10-31T16:30:58.038+0000] {processor.py:840} INFO - DAG(s) 'youtube_video_statistics_dag' retrieved from /opt/airflow/dags/main.py
[2025-10-31T16:30:58.090+0000] {logging_mixin.py:188} INFO - [2025-10-31T16:30:58.089+0000] {dag.py:3096} INFO - Sync 1 DAGs
[2025-10-31T16:30:58.131+0000] {logging_mixin.py:188} INFO - [2025-10-31T16:30:58.131+0000] {dag.py:3954} INFO - Setting next_dagrun for youtube_video_statistics_dag to 2025-10-31 16:00:00+00:00, run_after=2025-10-31 17:00:00+00:00
[2025-10-31T16:30:58.173+0000] {processor.py:183} INFO - Processing /opt/airflow/dags/main.py took 0.297 seconds
[2025-10-31T16:31:28.496+0000] {processor.py:161} INFO - Started process (PID=185) to work on /opt/airflow/dags/main.py
[2025-10-31T16:31:28.498+0000] {processor.py:830} INFO - Processing file /opt/airflow/dags/main.py for tasks to queue
[2025-10-31T16:31:28.503+0000] {logging_mixin.py:188} INFO - [2025-10-31T16:31:28.502+0000] {dagbag.py:545} INFO - Filling up the DagBag from /opt/airflow/dags/main.py
[2025-10-31T16:31:28.684+0000] {processor.py:840} INFO - DAG(s) 'youtube_video_statistics_dag' retrieved from /opt/airflow/dags/main.py
[2025-10-31T16:31:28.728+0000] {logging_mixin.py:188} INFO - [2025-10-31T16:31:28.728+0000] {dag.py:3096} INFO - Sync 1 DAGs
[2025-10-31T16:31:28.760+0000] {logging_mixin.py:188} INFO - [2025-10-31T16:31:28.760+0000] {dag.py:3954} INFO - Setting next_dagrun for youtube_video_statistics_dag to 2025-10-31 16:00:00+00:00, run_after=2025-10-31 17:00:00+00:00
[2025-10-31T16:31:28.792+0000] {processor.py:183} INFO - Processing /opt/airflow/dags/main.py took 0.307 seconds
[2025-10-31T16:31:59.210+0000] {processor.py:161} INFO - Started process (PID=192) to work on /opt/airflow/dags/main.py
[2025-10-31T16:31:59.212+0000] {processor.py:830} INFO - Processing file /opt/airflow/dags/main.py for tasks to queue
[2025-10-31T16:31:59.217+0000] {logging_mixin.py:188} INFO - [2025-10-31T16:31:59.216+0000] {dagbag.py:545} INFO - Filling up the DagBag from /opt/airflow/dags/main.py
[2025-10-31T16:31:59.392+0000] {processor.py:840} INFO - DAG(s) 'youtube_video_statistics_dag' retrieved from /opt/airflow/dags/main.py
[2025-10-31T16:31:59.481+0000] {logging_mixin.py:188} INFO - [2025-10-31T16:31:59.480+0000] {dag.py:3096} INFO - Sync 1 DAGs
[2025-10-31T16:31:59.567+0000] {logging_mixin.py:188} INFO - [2025-10-31T16:31:59.564+0000] {dag.py:3954} INFO - Setting next_dagrun for youtube_video_statistics_dag to 2025-10-31 16:00:00+00:00, run_after=2025-10-31 17:00:00+00:00
[2025-10-31T16:31:59.647+0000] {processor.py:183} INFO - Processing /opt/airflow/dags/main.py took 0.449 seconds
[2025-10-31T16:32:30.099+0000] {processor.py:161} INFO - Started process (PID=199) to work on /opt/airflow/dags/main.py
[2025-10-31T16:32:30.102+0000] {processor.py:830} INFO - Processing file /opt/airflow/dags/main.py for tasks to queue
[2025-10-31T16:32:30.107+0000] {logging_mixin.py:188} INFO - [2025-10-31T16:32:30.107+0000] {dagbag.py:545} INFO - Filling up the DagBag from /opt/airflow/dags/main.py
[2025-10-31T16:32:30.277+0000] {processor.py:840} INFO - DAG(s) 'youtube_video_statistics_dag' retrieved from /opt/airflow/dags/main.py
[2025-10-31T16:32:30.326+0000] {logging_mixin.py:188} INFO - [2025-10-31T16:32:30.326+0000] {dag.py:3096} INFO - Sync 1 DAGs
[2025-10-31T16:32:30.374+0000] {logging_mixin.py:188} INFO - [2025-10-31T16:32:30.373+0000] {dag.py:3954} INFO - Setting next_dagrun for youtube_video_statistics_dag to 2025-10-31 16:00:00+00:00, run_after=2025-10-31 17:00:00+00:00
[2025-10-31T16:32:30.419+0000] {processor.py:183} INFO - Processing /opt/airflow/dags/main.py took 0.331 seconds
[2025-10-31T16:33:00.813+0000] {processor.py:161} INFO - Started process (PID=206) to work on /opt/airflow/dags/main.py
[2025-10-31T16:33:00.816+0000] {processor.py:830} INFO - Processing file /opt/airflow/dags/main.py for tasks to queue
[2025-10-31T16:33:00.820+0000] {logging_mixin.py:188} INFO - [2025-10-31T16:33:00.819+0000] {dagbag.py:545} INFO - Filling up the DagBag from /opt/airflow/dags/main.py
[2025-10-31T16:33:00.963+0000] {processor.py:840} INFO - DAG(s) 'youtube_video_statistics_dag' retrieved from /opt/airflow/dags/main.py
[2025-10-31T16:33:01.018+0000] {logging_mixin.py:188} INFO - [2025-10-31T16:33:01.017+0000] {dag.py:3096} INFO - Sync 1 DAGs
[2025-10-31T16:33:01.061+0000] {logging_mixin.py:188} INFO - [2025-10-31T16:33:01.061+0000] {dag.py:3954} INFO - Setting next_dagrun for youtube_video_statistics_dag to 2025-10-31 16:00:00+00:00, run_after=2025-10-31 17:00:00+00:00
[2025-10-31T16:33:01.099+0000] {processor.py:183} INFO - Processing /opt/airflow/dags/main.py took 0.298 seconds
[2025-10-31T16:33:31.512+0000] {processor.py:161} INFO - Started process (PID=213) to work on /opt/airflow/dags/main.py
[2025-10-31T16:33:31.515+0000] {processor.py:830} INFO - Processing file /opt/airflow/dags/main.py for tasks to queue
[2025-10-31T16:33:31.519+0000] {logging_mixin.py:188} INFO - [2025-10-31T16:33:31.518+0000] {dagbag.py:545} INFO - Filling up the DagBag from /opt/airflow/dags/main.py
[2025-10-31T16:33:31.673+0000] {processor.py:840} INFO - DAG(s) 'youtube_video_statistics_dag' retrieved from /opt/airflow/dags/main.py
[2025-10-31T16:33:31.716+0000] {logging_mixin.py:188} INFO - [2025-10-31T16:33:31.715+0000] {dag.py:3096} INFO - Sync 1 DAGs
[2025-10-31T16:33:31.749+0000] {logging_mixin.py:188} INFO - [2025-10-31T16:33:31.749+0000] {dag.py:3954} INFO - Setting next_dagrun for youtube_video_statistics_dag to 2025-10-31 16:00:00+00:00, run_after=2025-10-31 17:00:00+00:00
[2025-10-31T16:33:31.786+0000] {processor.py:183} INFO - Processing /opt/airflow/dags/main.py took 0.289 seconds
[2025-10-31T16:34:02.607+0000] {processor.py:161} INFO - Started process (PID=220) to work on /opt/airflow/dags/main.py
[2025-10-31T16:34:02.610+0000] {processor.py:830} INFO - Processing file /opt/airflow/dags/main.py for tasks to queue
[2025-10-31T16:34:02.615+0000] {logging_mixin.py:188} INFO - [2025-10-31T16:34:02.614+0000] {dagbag.py:545} INFO - Filling up the DagBag from /opt/airflow/dags/main.py
[2025-10-31T16:34:02.773+0000] {processor.py:840} INFO - DAG(s) 'youtube_video_statistics_dag' retrieved from /opt/airflow/dags/main.py
[2025-10-31T16:34:02.816+0000] {logging_mixin.py:188} INFO - [2025-10-31T16:34:02.815+0000] {dag.py:3096} INFO - Sync 1 DAGs
[2025-10-31T16:34:02.845+0000] {logging_mixin.py:188} INFO - [2025-10-31T16:34:02.844+0000] {dag.py:3954} INFO - Setting next_dagrun for youtube_video_statistics_dag to 2025-10-31 16:00:00+00:00, run_after=2025-10-31 17:00:00+00:00
[2025-10-31T16:34:02.887+0000] {processor.py:183} INFO - Processing /opt/airflow/dags/main.py took 0.293 seconds
[2025-10-31T16:34:33.176+0000] {processor.py:161} INFO - Started process (PID=227) to work on /opt/airflow/dags/main.py
[2025-10-31T16:34:33.179+0000] {processor.py:830} INFO - Processing file /opt/airflow/dags/main.py for tasks to queue
[2025-10-31T16:34:33.184+0000] {logging_mixin.py:188} INFO - [2025-10-31T16:34:33.183+0000] {dagbag.py:545} INFO - Filling up the DagBag from /opt/airflow/dags/main.py
[2025-10-31T16:34:33.348+0000] {processor.py:840} INFO - DAG(s) 'youtube_video_statistics_dag' retrieved from /opt/airflow/dags/main.py
[2025-10-31T16:34:33.414+0000] {logging_mixin.py:188} INFO - [2025-10-31T16:34:33.414+0000] {dag.py:3096} INFO - Sync 1 DAGs
[2025-10-31T16:34:33.464+0000] {logging_mixin.py:188} INFO - [2025-10-31T16:34:33.464+0000] {dag.py:3954} INFO - Setting next_dagrun for youtube_video_statistics_dag to 2025-10-31 16:00:00+00:00, run_after=2025-10-31 17:00:00+00:00
[2025-10-31T16:34:33.516+0000] {processor.py:183} INFO - Processing /opt/airflow/dags/main.py took 0.353 seconds
[2025-10-31T16:35:03.962+0000] {processor.py:161} INFO - Started process (PID=234) to work on /opt/airflow/dags/main.py
[2025-10-31T16:35:03.968+0000] {processor.py:830} INFO - Processing file /opt/airflow/dags/main.py for tasks to queue
[2025-10-31T16:35:03.979+0000] {logging_mixin.py:188} INFO - [2025-10-31T16:35:03.978+0000] {dagbag.py:545} INFO - Filling up the DagBag from /opt/airflow/dags/main.py
[2025-10-31T16:35:04.205+0000] {processor.py:840} INFO - DAG(s) 'youtube_video_statistics_dag' retrieved from /opt/airflow/dags/main.py
[2025-10-31T16:35:04.312+0000] {logging_mixin.py:188} INFO - [2025-10-31T16:35:04.311+0000] {dag.py:3096} INFO - Sync 1 DAGs
[2025-10-31T16:35:04.389+0000] {logging_mixin.py:188} INFO - [2025-10-31T16:35:04.388+0000] {dag.py:3954} INFO - Setting next_dagrun for youtube_video_statistics_dag to 2025-10-31 16:00:00+00:00, run_after=2025-10-31 17:00:00+00:00
[2025-10-31T16:35:04.459+0000] {processor.py:183} INFO - Processing /opt/airflow/dags/main.py took 0.521 seconds
[2025-10-31T16:35:34.919+0000] {processor.py:161} INFO - Started process (PID=241) to work on /opt/airflow/dags/main.py
[2025-10-31T16:35:34.922+0000] {processor.py:830} INFO - Processing file /opt/airflow/dags/main.py for tasks to queue
[2025-10-31T16:35:34.926+0000] {logging_mixin.py:188} INFO - [2025-10-31T16:35:34.925+0000] {dagbag.py:545} INFO - Filling up the DagBag from /opt/airflow/dags/main.py
[2025-10-31T16:35:35.120+0000] {processor.py:840} INFO - DAG(s) 'youtube_video_statistics_dag' retrieved from /opt/airflow/dags/main.py
[2025-10-31T16:35:35.172+0000] {logging_mixin.py:188} INFO - [2025-10-31T16:35:35.171+0000] {dag.py:3096} INFO - Sync 1 DAGs
[2025-10-31T16:35:35.213+0000] {logging_mixin.py:188} INFO - [2025-10-31T16:35:35.213+0000] {dag.py:3954} INFO - Setting next_dagrun for youtube_video_statistics_dag to 2025-10-31 16:00:00+00:00, run_after=2025-10-31 17:00:00+00:00
[2025-10-31T16:35:35.260+0000] {processor.py:183} INFO - Processing /opt/airflow/dags/main.py took 0.352 seconds
[2025-10-31T16:36:05.609+0000] {processor.py:161} INFO - Started process (PID=248) to work on /opt/airflow/dags/main.py
[2025-10-31T16:36:05.611+0000] {processor.py:830} INFO - Processing file /opt/airflow/dags/main.py for tasks to queue
[2025-10-31T16:36:05.616+0000] {logging_mixin.py:188} INFO - [2025-10-31T16:36:05.616+0000] {dagbag.py:545} INFO - Filling up the DagBag from /opt/airflow/dags/main.py
[2025-10-31T16:36:05.772+0000] {processor.py:840} INFO - DAG(s) 'youtube_video_statistics_dag' retrieved from /opt/airflow/dags/main.py
[2025-10-31T16:36:05.820+0000] {logging_mixin.py:188} INFO - [2025-10-31T16:36:05.820+0000] {dag.py:3096} INFO - Sync 1 DAGs
[2025-10-31T16:36:05.855+0000] {logging_mixin.py:188} INFO - [2025-10-31T16:36:05.855+0000] {dag.py:3954} INFO - Setting next_dagrun for youtube_video_statistics_dag to 2025-10-31 16:00:00+00:00, run_after=2025-10-31 17:00:00+00:00
[2025-10-31T16:36:05.885+0000] {processor.py:183} INFO - Processing /opt/airflow/dags/main.py took 0.289 seconds
[2025-10-31T16:36:36.268+0000] {processor.py:161} INFO - Started process (PID=255) to work on /opt/airflow/dags/main.py
[2025-10-31T16:36:36.271+0000] {processor.py:830} INFO - Processing file /opt/airflow/dags/main.py for tasks to queue
[2025-10-31T16:36:36.276+0000] {logging_mixin.py:188} INFO - [2025-10-31T16:36:36.275+0000] {dagbag.py:545} INFO - Filling up the DagBag from /opt/airflow/dags/main.py
[2025-10-31T16:36:36.451+0000] {processor.py:840} INFO - DAG(s) 'youtube_video_statistics_dag' retrieved from /opt/airflow/dags/main.py
[2025-10-31T16:36:36.517+0000] {logging_mixin.py:188} INFO - [2025-10-31T16:36:36.517+0000] {dag.py:3096} INFO - Sync 1 DAGs
[2025-10-31T16:36:36.555+0000] {logging_mixin.py:188} INFO - [2025-10-31T16:36:36.555+0000] {dag.py:3954} INFO - Setting next_dagrun for youtube_video_statistics_dag to 2025-10-31 16:00:00+00:00, run_after=2025-10-31 17:00:00+00:00
[2025-10-31T16:36:36.614+0000] {processor.py:183} INFO - Processing /opt/airflow/dags/main.py took 0.356 seconds
[2025-10-31T16:37:07.086+0000] {processor.py:161} INFO - Started process (PID=262) to work on /opt/airflow/dags/main.py
[2025-10-31T16:37:07.089+0000] {processor.py:830} INFO - Processing file /opt/airflow/dags/main.py for tasks to queue
[2025-10-31T16:37:07.093+0000] {logging_mixin.py:188} INFO - [2025-10-31T16:37:07.093+0000] {dagbag.py:545} INFO - Filling up the DagBag from /opt/airflow/dags/main.py
[2025-10-31T16:37:07.260+0000] {processor.py:840} INFO - DAG(s) 'youtube_video_statistics_dag' retrieved from /opt/airflow/dags/main.py
[2025-10-31T16:37:07.309+0000] {logging_mixin.py:188} INFO - [2025-10-31T16:37:07.308+0000] {dag.py:3096} INFO - Sync 1 DAGs
[2025-10-31T16:37:07.341+0000] {logging_mixin.py:188} INFO - [2025-10-31T16:37:07.340+0000] {dag.py:3954} INFO - Setting next_dagrun for youtube_video_statistics_dag to 2025-10-31 16:00:00+00:00, run_after=2025-10-31 17:00:00+00:00
[2025-10-31T16:37:07.377+0000] {processor.py:183} INFO - Processing /opt/airflow/dags/main.py took 0.302 seconds
[2025-10-31T16:37:37.814+0000] {processor.py:161} INFO - Started process (PID=269) to work on /opt/airflow/dags/main.py
[2025-10-31T16:37:37.817+0000] {processor.py:830} INFO - Processing file /opt/airflow/dags/main.py for tasks to queue
[2025-10-31T16:37:37.822+0000] {logging_mixin.py:188} INFO - [2025-10-31T16:37:37.821+0000] {dagbag.py:545} INFO - Filling up the DagBag from /opt/airflow/dags/main.py
[2025-10-31T16:37:38.017+0000] {processor.py:840} INFO - DAG(s) 'youtube_video_statistics_dag' retrieved from /opt/airflow/dags/main.py
[2025-10-31T16:37:38.070+0000] {logging_mixin.py:188} INFO - [2025-10-31T16:37:38.069+0000] {dag.py:3096} INFO - Sync 1 DAGs
[2025-10-31T16:37:38.113+0000] {logging_mixin.py:188} INFO - [2025-10-31T16:37:38.112+0000] {dag.py:3954} INFO - Setting next_dagrun for youtube_video_statistics_dag to 2025-10-31 16:00:00+00:00, run_after=2025-10-31 17:00:00+00:00
[2025-10-31T16:37:38.149+0000] {processor.py:183} INFO - Processing /opt/airflow/dags/main.py took 0.358 seconds
[2025-10-31T16:38:08.624+0000] {processor.py:161} INFO - Started process (PID=276) to work on /opt/airflow/dags/main.py
[2025-10-31T16:38:08.627+0000] {processor.py:830} INFO - Processing file /opt/airflow/dags/main.py for tasks to queue
[2025-10-31T16:38:08.630+0000] {logging_mixin.py:188} INFO - [2025-10-31T16:38:08.630+0000] {dagbag.py:545} INFO - Filling up the DagBag from /opt/airflow/dags/main.py
[2025-10-31T16:38:08.847+0000] {processor.py:840} INFO - DAG(s) 'youtube_video_statistics_dag' retrieved from /opt/airflow/dags/main.py
[2025-10-31T16:38:08.891+0000] {logging_mixin.py:188} INFO - [2025-10-31T16:38:08.891+0000] {dag.py:3096} INFO - Sync 1 DAGs
[2025-10-31T16:38:08.933+0000] {logging_mixin.py:188} INFO - [2025-10-31T16:38:08.933+0000] {dag.py:3954} INFO - Setting next_dagrun for youtube_video_statistics_dag to 2025-10-31 16:00:00+00:00, run_after=2025-10-31 17:00:00+00:00
[2025-10-31T16:38:08.970+0000] {processor.py:183} INFO - Processing /opt/airflow/dags/main.py took 0.358 seconds
[2025-10-31T16:38:39.277+0000] {processor.py:161} INFO - Started process (PID=283) to work on /opt/airflow/dags/main.py
[2025-10-31T16:38:39.279+0000] {processor.py:830} INFO - Processing file /opt/airflow/dags/main.py for tasks to queue
[2025-10-31T16:38:39.283+0000] {logging_mixin.py:188} INFO - [2025-10-31T16:38:39.283+0000] {dagbag.py:545} INFO - Filling up the DagBag from /opt/airflow/dags/main.py
[2025-10-31T16:38:39.458+0000] {processor.py:840} INFO - DAG(s) 'youtube_video_statistics_dag' retrieved from /opt/airflow/dags/main.py
[2025-10-31T16:38:39.503+0000] {logging_mixin.py:188} INFO - [2025-10-31T16:38:39.503+0000] {dag.py:3096} INFO - Sync 1 DAGs
[2025-10-31T16:38:39.532+0000] {logging_mixin.py:188} INFO - [2025-10-31T16:38:39.532+0000] {dag.py:3954} INFO - Setting next_dagrun for youtube_video_statistics_dag to 2025-10-31 16:00:00+00:00, run_after=2025-10-31 17:00:00+00:00
[2025-10-31T16:38:39.568+0000] {processor.py:183} INFO - Processing /opt/airflow/dags/main.py took 0.301 seconds
[2025-10-31T16:39:09.959+0000] {processor.py:161} INFO - Started process (PID=290) to work on /opt/airflow/dags/main.py
[2025-10-31T16:39:09.961+0000] {processor.py:830} INFO - Processing file /opt/airflow/dags/main.py for tasks to queue
[2025-10-31T16:39:09.965+0000] {logging_mixin.py:188} INFO - [2025-10-31T16:39:09.965+0000] {dagbag.py:545} INFO - Filling up the DagBag from /opt/airflow/dags/main.py
[2025-10-31T16:39:10.130+0000] {processor.py:840} INFO - DAG(s) 'youtube_video_statistics_dag' retrieved from /opt/airflow/dags/main.py
[2025-10-31T16:39:10.192+0000] {logging_mixin.py:188} INFO - [2025-10-31T16:39:10.192+0000] {dag.py:3096} INFO - Sync 1 DAGs
[2025-10-31T16:39:10.231+0000] {logging_mixin.py:188} INFO - [2025-10-31T16:39:10.231+0000] {dag.py:3954} INFO - Setting next_dagrun for youtube_video_statistics_dag to 2025-10-31 16:00:00+00:00, run_after=2025-10-31 17:00:00+00:00
[2025-10-31T16:39:10.269+0000] {processor.py:183} INFO - Processing /opt/airflow/dags/main.py took 0.321 seconds
[2025-10-31T16:39:40.676+0000] {processor.py:161} INFO - Started process (PID=297) to work on /opt/airflow/dags/main.py
[2025-10-31T16:39:40.679+0000] {processor.py:830} INFO - Processing file /opt/airflow/dags/main.py for tasks to queue
[2025-10-31T16:39:40.684+0000] {logging_mixin.py:188} INFO - [2025-10-31T16:39:40.683+0000] {dagbag.py:545} INFO - Filling up the DagBag from /opt/airflow/dags/main.py
[2025-10-31T16:39:40.851+0000] {processor.py:840} INFO - DAG(s) 'youtube_video_statistics_dag' retrieved from /opt/airflow/dags/main.py
[2025-10-31T16:39:40.901+0000] {logging_mixin.py:188} INFO - [2025-10-31T16:39:40.901+0000] {dag.py:3096} INFO - Sync 1 DAGs
[2025-10-31T16:39:40.931+0000] {logging_mixin.py:188} INFO - [2025-10-31T16:39:40.931+0000] {dag.py:3954} INFO - Setting next_dagrun for youtube_video_statistics_dag to 2025-10-31 16:00:00+00:00, run_after=2025-10-31 17:00:00+00:00
[2025-10-31T16:39:40.964+0000] {processor.py:183} INFO - Processing /opt/airflow/dags/main.py took 0.300 seconds
